


ARM Macro Assembler    Page 1 


    1 00000000         ;org 0xFFFFFFFE
    2 00000000         
    3 00000000                 AREA             |MBR|, CODE, READONLY
    4 00000000         ;ENTRY
    5 00000000         ;NOP
    6 00000000         ;NOP
    7 00000000         ;NOP
    8 00000000         ;NOP
    9 00000000 4800            LDR              r0, =0x0a000
   10 00000002 4700            BX               r0
   11 00000004         ;MOV PC, R0
   12 00000004         
   13 00000004                 end
              0000A000 
Command Line: --debug --xref --diag_suppress=9931 --cpu=Cortex-M0 --apcs=interw
ork --depend=.\mbr.d -o.\mbr.o -IC:\Keil_v5\ARM\RV31\INC -IC:\Keil_v5\ARM\CMSIS
\Include -IC:\Keil_v5\ARM\Device\Nordic\nRF51422\Include --predefine="__EVAL SE
TA 1" --predefine="__UVISION_VERSION SETA 521" --list=.\mbr.lst mbr.a



ARM Macro Assembler    Page 1 Alphabetic symbol ordering
Relocatable symbols

MBR 00000000

Symbol: MBR
   Definitions
      At line 3 in file mbr.a
   Uses
      None
Comment: MBR unused
1 symbol
335 symbols in table
